<?xml version="1.0" encoding="UTF-8"?>
<coverage generated="1667646501001" clover="3.2.0">
  <project timestamp="1667646501001" name="All files">
    <metrics statements="16" coveredstatements="14" conditionals="4" coveredconditionals="4" methods="3" coveredmethods="3" elements="23" coveredelements="21" complexity="0" loc="16" ncloc="16" packages="3" files="3" classes="3"/>
    <package name="src">
      <metrics statements="2" coveredstatements="0" conditionals="0" coveredconditionals="0" methods="0" coveredmethods="0"/>
      <file name="loadEnvironment.ts" path="C:\Users\Propietario\Desktop\ISDICoders\Week6\w6chwe\backend\src\loadEnvironment.ts">
        <metrics statements="2" coveredstatements="0" conditionals="0" coveredconditionals="0" methods="0" coveredmethods="0"/>
        <line num="1" count="0" type="stmt"/>
        <line num="2" count="0" type="stmt"/>
      </file>
    </package>
    <package name="src.CustomError">
      <metrics statements="4" coveredstatements="4" conditionals="0" coveredconditionals="0" methods="1" coveredmethods="1"/>
      <file name="CustomError.ts" path="C:\Users\Propietario\Desktop\ISDICoders\Week6\w6chwe\backend\src\CustomError\CustomError.ts">
        <metrics statements="4" coveredstatements="4" conditionals="0" coveredconditionals="0" methods="1" coveredmethods="1"/>
        <line num="4" count="2" type="stmt"/>
        <line num="5" count="2" type="stmt"/>
        <line num="7" count="2" type="stmt"/>
        <line num="11" count="2" type="stmt"/>
      </file>
    </package>
    <package name="src.middleware">
      <metrics statements="10" coveredstatements="10" conditionals="4" coveredconditionals="4" methods="2" coveredmethods="2"/>
      <file name="errors.ts" path="C:\Users\Propietario\Desktop\ISDICoders\Week6\w6chwe\backend\src\middleware\errors.ts">
        <metrics statements="10" coveredstatements="10" conditionals="4" coveredconditionals="4" methods="2" coveredmethods="2"/>
        <line num="1" count="1" type="stmt"/>
        <line num="5" count="1" type="stmt"/>
        <line num="7" count="1" type="stmt"/>
        <line num="14" count="2" type="stmt"/>
        <line num="15" count="2" type="cond" truecount="2" falsecount="0"/>
        <line num="17" count="2" type="cond" truecount="2" falsecount="0"/>
        <line num="19" count="2" type="stmt"/>
        <line num="22" count="1" type="stmt"/>
        <line num="23" count="1" type="stmt"/>
        <line num="24" count="1" type="stmt"/>
      </file>
    </package>
  </project>
</coverage>
