{"C:\\Users\\Propietario\\Desktop\\ISDICoders\\Week6\\w6chwe\\backend\\src\\loadEnvironment.ts": {"path":"C:\\Users\\Propietario\\Desktop\\ISDICoders\\Week6\\w6chwe\\backend\\src\\loadEnvironment.ts","statementMap":{"0":{"start":{"line":1,"column":0},"end":{"line":1,"column":33}},"1":{"start":{"line":2,"column":0},"end":{"line":2,"column":16}}},"fnMap":{},"branchMap":{},"s":{"0":0,"1":0},"f":{},"b":{}}
,"C:\\Users\\Propietario\\Desktop\\ISDICoders\\Week6\\w6chwe\\backend\\src\\CustomError\\CustomError.ts": {"path":"C:\\Users\\Propietario\\Desktop\\ISDICoders\\Week6\\w6chwe\\backend\\src\\CustomError\\CustomError.ts","statementMap":{"0":{"start":{"line":7,"column":4},"end":{"line":7,"column":19}},"1":{"start":{"line":4,"column":11},"end":{"line":4,"column":25}},"2":{"start":{"line":5,"column":11},"end":{"line":5,"column":32}},"3":{"start":{"line":11,"column":0},"end":{"line":11,"column":27}}},"fnMap":{"0":{"name":"(anonymous_0)","decl":{"start":{"line":2,"column":2},"end":{"line":2,"column":null}},"loc":{"start":{"line":5,"column":32},"end":{"line":8,"column":3}}}},"branchMap":{},"s":{"0":2,"1":2,"2":2,"3":2},"f":{"0":2},"b":{}}
,"C:\\Users\\Propietario\\Desktop\\ISDICoders\\Week6\\w6chwe\\backend\\src\\middleware\\errors.ts": {"path":"C:\\Users\\Propietario\\Desktop\\ISDICoders\\Week6\\w6chwe\\backend\\src\\middleware\\errors.ts","statementMap":{"0":{"start":{"line":1,"column":0},"end":{"line":1,"column":33}},"1":{"start":{"line":5,"column":14},"end":{"line":5,"column":43}},"2":{"start":{"line":7,"column":28},"end":{"line":20,"column":1}},"3":{"start":{"line":14,"column":2},"end":{"line":14,"column":48}},"4":{"start":{"line":15,"column":21},"end":{"line":15,"column":40}},"5":{"start":{"line":17,"column":4},"end":{"line":17,"column":61}},"6":{"start":{"line":19,"column":2},"end":{"line":19,"column":58}},"7":{"start":{"line":7,"column":13},"end":{"line":7,"column":28}},"8":{"start":{"line":22,"column":31},"end":{"line":25,"column":1}},"9":{"start":{"line":23,"column":2},"end":{"line":23,"column":27}},"10":{"start":{"line":24,"column":2},"end":{"line":24,"column":56}},"11":{"start":{"line":22,"column":13},"end":{"line":22,"column":31}}},"fnMap":{"0":{"name":"(anonymous_1)","decl":{"start":{"line":7,"column":28},"end":{"line":7,"column":null}},"loc":{"start":{"line":13,"column":4},"end":{"line":20,"column":1}}},"1":{"name":"(anonymous_2)","decl":{"start":{"line":22,"column":31},"end":{"line":22,"column":32}},"loc":{"start":{"line":22,"column":63},"end":{"line":25,"column":1}}}},"branchMap":{"0":{"loc":{"start":{"line":15,"column":21},"end":{"line":15,"column":40}},"type":"binary-expr","locations":[{"start":{"line":15,"column":21},"end":{"line":15,"column":33}},{"start":{"line":15,"column":37},"end":{"line":15,"column":40}}]},"1":{"loc":{"start":{"line":17,"column":4},"end":{"line":17,"column":61}},"type":"binary-expr","locations":[{"start":{"line":17,"column":4},"end":{"line":17,"column":23}},{"start":{"line":17,"column":27},"end":{"line":17,"column":61}}]}},"s":{"0":1,"1":1,"2":1,"3":2,"4":2,"5":2,"6":2,"7":1,"8":1,"9":1,"10":1,"11":1},"f":{"0":2,"1":1},"b":{"0":[2,1],"1":[2,1]}}
}
